c:\users\admin\desktop\mark\mark's work\college\3rd year 3rd term\csopesy\mco\opesy os\opesy os\x64\debug\vc143.pdb
c:\users\admin\desktop\mark\mark's work\college\3rd year 3rd term\csopesy\mco\opesy os\opesy os\x64\debug\vc143.idb
c:\users\admin\desktop\mark\mark's work\college\3rd year 3rd term\csopesy\mco\opesy os\opesy os\x64\debug\utils.obj
c:\users\admin\desktop\mark\mark's work\college\3rd year 3rd term\csopesy\mco\opesy os\opesy os\x64\debug\subcommand.obj
c:\users\admin\desktop\mark\mark's work\college\3rd year 3rd term\csopesy\mco\opesy os\opesy os\x64\debug\screenterminal.obj
c:\users\admin\desktop\mark\mark's work\college\3rd year 3rd term\csopesy\mco\opesy os\opesy os\x64\debug\scheduler.obj
c:\users\admin\desktop\mark\mark's work\college\3rd year 3rd term\csopesy\mco\opesy os\opesy os\x64\debug\process.obj
c:\users\admin\desktop\mark\mark's work\college\3rd year 3rd term\csopesy\mco\opesy os\opesy os\x64\debug\printcommand.obj
c:\users\admin\desktop\mark\mark's work\college\3rd year 3rd term\csopesy\mco\opesy os\opesy os\x64\debug\opesy os.obj
c:\users\admin\desktop\mark\mark's work\college\3rd year 3rd term\csopesy\mco\opesy os\opesy os\x64\debug\mainterminal.obj
c:\users\admin\desktop\mark\mark's work\college\3rd year 3rd term\csopesy\mco\opesy os\opesy os\x64\debug\icommand.obj
c:\users\admin\desktop\mark\mark's work\college\3rd year 3rd term\csopesy\mco\opesy os\opesy os\x64\debug\figlet_font_standard.obj
c:\users\admin\desktop\mark\mark's work\college\3rd year 3rd term\csopesy\mco\opesy os\opesy os\x64\debug\figlet.obj
c:\users\admin\desktop\mark\mark's work\college\3rd year 3rd term\csopesy\mco\opesy os\opesy os\x64\debug\declarecommand.obj
c:\users\admin\desktop\mark\mark's work\college\3rd year 3rd term\csopesy\mco\opesy os\opesy os\x64\debug\cube.obj
c:\users\admin\desktop\mark\mark's work\college\3rd year 3rd term\csopesy\mco\opesy os\opesy os\x64\debug\coreobject.obj
c:\users\admin\desktop\mark\mark's work\college\3rd year 3rd term\csopesy\mco\opesy os\opesy os\x64\debug\addcommand.obj
c:\users\admin\desktop\mark\mark's work\college\3rd year 3rd term\csopesy\mco\opesy os\x64\debug\opesy os.exe
c:\users\admin\desktop\mark\mark's work\college\3rd year 3rd term\csopesy\mco\opesy os\x64\debug\opesy os.pdb
c:\users\admin\desktop\mark\mark's work\college\3rd year 3rd term\csopesy\mco\opesy os\opesy os\x64\debug\opesy os.ilk
c:\users\admin\desktop\mark\mark's work\college\3rd year 3rd term\csopesy\mco\opesy os\opesy os\x64\debug\opesy os.tlog\cl.command.1.tlog
c:\users\admin\desktop\mark\mark's work\college\3rd year 3rd term\csopesy\mco\opesy os\opesy os\x64\debug\opesy os.tlog\cl.items.tlog
c:\users\admin\desktop\mark\mark's work\college\3rd year 3rd term\csopesy\mco\opesy os\opesy os\x64\debug\opesy os.tlog\cl.read.1.tlog
c:\users\admin\desktop\mark\mark's work\college\3rd year 3rd term\csopesy\mco\opesy os\opesy os\x64\debug\opesy os.tlog\cl.write.1.tlog
c:\users\admin\desktop\mark\mark's work\college\3rd year 3rd term\csopesy\mco\opesy os\opesy os\x64\debug\opesy os.tlog\link.command.1.tlog
c:\users\admin\desktop\mark\mark's work\college\3rd year 3rd term\csopesy\mco\opesy os\opesy os\x64\debug\opesy os.tlog\link.read.1.tlog
c:\users\admin\desktop\mark\mark's work\college\3rd year 3rd term\csopesy\mco\opesy os\opesy os\x64\debug\opesy os.tlog\link.secondary.1.tlog
c:\users\admin\desktop\mark\mark's work\college\3rd year 3rd term\csopesy\mco\opesy os\opesy os\x64\debug\opesy os.tlog\link.write.1.tlog
