  Scheduler.cpp
C:\Users\admin\Desktop\Mark\Mark's Work\College\3rd Year 3rd Term\CSOPESY\MCO\OPESY OS\Scheduler.cpp(118,134): warning C4244: 'argument': conversion from 'uint64_t' to 'uint16_t', possible loss of data
C:\Users\admin\Desktop\Mark\Mark's Work\College\3rd Year 3rd Term\CSOPESY\MCO\OPESY OS\Scheduler.cpp(128,127): warning C4244: 'argument': conversion from 'uint64_t' to 'uint16_t', possible loss of data
C:\Program Files\Microsoft Visual Studio\2022\Community\VC\Tools\MSVC\14.41.34120\include\xutility(389,75): warning C4244: 'argument': conversion from 'uint64_t' to 'uint16_t', possible loss of data
  (compiling source file 'Scheduler.cpp')
      C:\Program Files\Microsoft Visual Studio\2022\Community\VC\Tools\MSVC\14.41.34120\include\xutility(389,75):
      the template instantiation context (the oldest one first) is
          C:\Users\admin\Desktop\Mark\Mark's Work\College\3rd Year 3rd Term\CSOPESY\MCO\OPESY OS\Scheduler.cpp(118,25):
          see reference to function template instantiation 'std::shared_ptr<Process> std::make_shared<Process,int&,std::string&,uint64_t&,std::shared_ptr<Screen>>(int &,std::string &,uint64_t &,std::shared_ptr<Screen> &&)' being compiled
          C:\Program Files\Microsoft Visual Studio\2022\Community\VC\Tools\MSVC\14.41.34120\include\memory(2906,46):
          see reference to function template instantiation 'std::_Ref_count_obj2<Process>::_Ref_count_obj2<int&,std::string&,uint64_t&,_Ty>(int &,std::string &,uint64_t &,_Ty &&)' being compiled
          with
          [
              _Ty=std::shared_ptr<Screen>
          ]
          C:\Program Files\Microsoft Visual Studio\2022\Community\VC\Tools\MSVC\14.41.34120\include\memory(2095,18):
          see reference to function template instantiation 'void std::_Construct_in_place<_Ty,int&,std::string&,uint64_t&,std::shared_ptr<Screen>>(_Ty &,int &,std::string &,uint64_t &,std::shared_ptr<Screen> &&) noexcept(false)' being compiled
          with
          [
              _Ty=Process
          ]
          C:\Program Files\Microsoft Visual Studio\2022\Community\VC\Tools\MSVC\14.41.34120\include\xutility(399,14):
          see reference to function template instantiation '_Ty *std::construct_at<_Ty,int&,std::string&,uint64_t&,std::shared_ptr<Screen>>(_Ty *const ,int &,std::string &,uint64_t &,std::shared_ptr<Screen> &&) noexcept(<expr>)' being compiled
          with
          [
              _Ty=Process
          ]
  
C:\Program Files\Microsoft Visual Studio\2022\Community\VC\Tools\MSVC\14.41.34120\include\xutility(403,82): warning C4244: 'argument': conversion from 'uint64_t' to 'uint16_t', possible loss of data
  (compiling source file 'Scheduler.cpp')
  
C:\Program Files\Microsoft Visual Studio\2022\Community\VC\Tools\MSVC\14.41.34120\include\xutility(390,90): warning C4244: 'argument': conversion from 'uint64_t' to 'uint16_t', possible loss of data
  (compiling source file 'Scheduler.cpp')
      C:\Program Files\Microsoft Visual Studio\2022\Community\VC\Tools\MSVC\14.41.34120\include\xutility(390,90):
      the template instantiation context (the oldest one first) is
          C:\Program Files\Microsoft Visual Studio\2022\Community\VC\Tools\MSVC\14.41.34120\include\memory(2095,18):
          see reference to function template instantiation 'void std::_Construct_in_place<_Ty,int&,std::string&,uint64_t&,std::shared_ptr<Screen>>(_Ty &,int &,std::string &,uint64_t &,std::shared_ptr<Screen> &&) noexcept(false)' being compiled
          with
          [
              _Ty=Process
          ]
          C:\Program Files\Microsoft Visual Studio\2022\Community\VC\Tools\MSVC\14.41.34120\include\xutility(399,14):
          see reference to function template instantiation '_Ty *std::construct_at<_Ty,int&,std::string&,uint64_t&,std::shared_ptr<Screen>>(_Ty *const ,int &,std::string &,uint64_t &,std::shared_ptr<Screen> &&) noexcept(false)' being compiled
          with
          [
              _Ty=Process
          ]
  
  OPESY OS.vcxproj -> C:\Users\admin\Desktop\Mark\Mark's Work\College\3rd Year 3rd Term\CSOPESY\MCO\OPESY OS\x64\Debug\OPESY OS.exe
